<?xml version="1.0" encoding="UTF-8"?>
<!-- Generated by org.testng.reporters.JUnitXMLReporter -->
<testsuite ignored="4" hostname="neonnex" failures="0" tests="8" name="Dicoding Website Tests" time="121.104" errors="0" timestamp="2025-05-18T02:02:48 WIB">
  <testcase classname="com.dicoding.test.tests.HomePageTest" name="testHomePageLoaded" time="0.08"/>
  <testcase classname="com.dicoding.test.tests.HomePageTest" name="testNavigateToLogin" time="0.417"/>
  <testcase classname="com.dicoding.test.tests.LoginTest" name="testLoginFormValidation" time="1.032"/>
  <testcase classname="com.dicoding.test.tests.LoginTest" name="testLoginPageDisplay" time="0.47"/>
  <testcase classname="com.dicoding.test.tests.LoginTest" name="testLoginWithInvalidCredentials" time="0.764"/>
  <testcase classname="com.dicoding.test.tests.LoginTest" name="testRememberMeFeature" time="0.685"/>
  <testcase classname="com.dicoding.test.tests.SearchTest" name="testNavigateBackToHomePage" time="1.787"/>
  <testcase classname="com.dicoding.test.tests.SearchTest" name="testSearchWithInvalidKeyword" time="10.476"/>
  <testcase classname="com.dicoding.test.base.BaseTest" name="@AfterSuite tearDownSuite" time="0.0">
    <ignored/>
  </testcase> <!-- @AfterSuite tearDownSuite -->
  <testcase classname="com.dicoding.test.base.BaseTest" name="@BeforeSuite setupSuite" time="0.0">
    <ignored/>
  </testcase> <!-- @BeforeSuite setupSuite -->
  <testcase classname="com.dicoding.test.base.BaseTest" name="@BeforeSuite setupSuite" time="0.0">
    <ignored/>
  </testcase> <!-- @BeforeSuite setupSuite -->
  <testcase classname="com.dicoding.test.base.BaseTest" name="@AfterSuite tearDownSuite" time="0.0">
    <ignored/>
  </testcase> <!-- @AfterSuite tearDownSuite -->
</testsuite> <!-- Dicoding Website Tests -->
