<?xml version="1.0" encoding="UTF-8"?>
<testng-results ignored="4" total="12" passed="8" failed="0" skipped="0">
  <reporter-output>
  </reporter-output>
  <suite started-at="2025-05-18T02:00:47 WIB" name="Dicoding Automation Test Suite" finished-at="2025-05-18T02:02:48 WIB" duration-ms="121104">
    <groups>
    </groups>
    <test started-at="2025-05-18T02:00:47 WIB" name="Dicoding Website Tests" finished-at="2025-05-18T02:02:48 WIB" duration-ms="121104">
      <class name="com.dicoding.test.tests.LoginTest">
        <test-method is-config="true" signature="setupTest()[pri:0, instance:com.dicoding.test.tests.LoginTest@31e3250d]" started-at="2025-05-18T02:01:15 WIB" name="setupTest" finished-at="2025-05-18T02:01:26 WIB" duration-ms="10390" status="PASS">
          <reporter-output>
          </reporter-output>
        </test-method> <!-- setupTest -->
        <test-method signature="testLoginFormValidation()[pri:0, instance:com.dicoding.test.tests.LoginTest@31e3250d]" started-at="2025-05-18T02:01:26 WIB" name="testLoginFormValidation" description="Verifikasi validasi form login" finished-at="2025-05-18T02:01:27 WIB" duration-ms="1032" status="PASS">
          <reporter-output>
          </reporter-output>
        </test-method> <!-- testLoginFormValidation -->
        <test-method is-config="true" signature="tearDown(org.testng.ITestResult)[pri:0, instance:com.dicoding.test.tests.LoginTest@31e3250d]" started-at="2025-05-18T02:01:27 WIB" name="tearDown" finished-at="2025-05-18T02:01:29 WIB" duration-ms="2613" status="PASS">
          <params>
            <param index="0">
              <value>
                <![CDATA[[TestResult name=testLoginFormValidation status=SUCCESS method=LoginTest.testLoginFormValidation()[pri:0, instance:com.dicoding.test.tests.LoginTest@31e3250d] output={null}]]]>
              </value>
            </param>
          </params>
          <reporter-output>
          </reporter-output>
        </test-method> <!-- tearDown -->
        <test-method is-config="true" signature="setupTest()[pri:0, instance:com.dicoding.test.tests.LoginTest@31e3250d]" started-at="2025-05-18T02:01:29 WIB" name="setupTest" finished-at="2025-05-18T02:01:40 WIB" duration-ms="10733" status="PASS">
          <reporter-output>
          </reporter-output>
        </test-method> <!-- setupTest -->
        <test-method signature="testLoginPageDisplay()[pri:0, instance:com.dicoding.test.tests.LoginTest@31e3250d]" started-at="2025-05-18T02:01:40 WIB" name="testLoginPageDisplay" description="Verifikasi tampilan modal login" finished-at="2025-05-18T02:01:41 WIB" duration-ms="470" status="PASS">
          <reporter-output>
          </reporter-output>
        </test-method> <!-- testLoginPageDisplay -->
        <test-method is-config="true" signature="tearDown(org.testng.ITestResult)[pri:0, instance:com.dicoding.test.tests.LoginTest@31e3250d]" started-at="2025-05-18T02:01:41 WIB" name="tearDown" finished-at="2025-05-18T02:01:43 WIB" duration-ms="2331" status="PASS">
          <params>
            <param index="0">
              <value>
                <![CDATA[[TestResult name=testLoginPageDisplay status=SUCCESS method=LoginTest.testLoginPageDisplay()[pri:0, instance:com.dicoding.test.tests.LoginTest@31e3250d] output={null}]]]>
              </value>
            </param>
          </params>
          <reporter-output>
          </reporter-output>
        </test-method> <!-- tearDown -->
        <test-method is-config="true" signature="setupTest()[pri:0, instance:com.dicoding.test.tests.LoginTest@31e3250d]" started-at="2025-05-18T02:01:43 WIB" name="setupTest" finished-at="2025-05-18T02:01:55 WIB" duration-ms="11614" status="PASS">
          <reporter-output>
          </reporter-output>
        </test-method> <!-- setupTest -->
        <test-method signature="testLoginWithInvalidCredentials()[pri:0, instance:com.dicoding.test.tests.LoginTest@31e3250d]" started-at="2025-05-18T02:01:55 WIB" name="testLoginWithInvalidCredentials" description="Verifikasi login dengan kredensial tidak valid" finished-at="2025-05-18T02:01:55 WIB" duration-ms="764" status="PASS">
          <reporter-output>
          </reporter-output>
        </test-method> <!-- testLoginWithInvalidCredentials -->
        <test-method is-config="true" signature="tearDown(org.testng.ITestResult)[pri:0, instance:com.dicoding.test.tests.LoginTest@31e3250d]" started-at="2025-05-18T02:01:55 WIB" name="tearDown" finished-at="2025-05-18T02:01:57 WIB" duration-ms="1711" status="PASS">
          <params>
            <param index="0">
              <value>
                <![CDATA[[TestResult name=testLoginWithInvalidCredentials status=SUCCESS method=LoginTest.testLoginWithInvalidCredentials()[pri:0, instance:com.dicoding.test.tests.LoginTest@31e3250d] output={null}]]]>
              </value>
            </param>
          </params>
          <reporter-output>
          </reporter-output>
        </test-method> <!-- tearDown -->
        <test-method is-config="true" signature="setupTest()[pri:0, instance:com.dicoding.test.tests.LoginTest@31e3250d]" started-at="2025-05-18T02:01:57 WIB" name="setupTest" finished-at="2025-05-18T02:02:08 WIB" duration-ms="11060" status="PASS">
          <reporter-output>
          </reporter-output>
        </test-method> <!-- setupTest -->
        <test-method signature="testRememberMeFeature()[pri:0, instance:com.dicoding.test.tests.LoginTest@31e3250d]" started-at="2025-05-18T02:02:08 WIB" name="testRememberMeFeature" description="Verifikasi fitur Remember Me" finished-at="2025-05-18T02:02:09 WIB" duration-ms="685" status="PASS">
          <reporter-output>
          </reporter-output>
        </test-method> <!-- testRememberMeFeature -->
        <test-method is-config="true" signature="tearDown(org.testng.ITestResult)[pri:0, instance:com.dicoding.test.tests.LoginTest@31e3250d]" started-at="2025-05-18T02:02:09 WIB" name="tearDown" finished-at="2025-05-18T02:02:11 WIB" duration-ms="2347" status="PASS">
          <params>
            <param index="0">
              <value>
                <![CDATA[[TestResult name=testRememberMeFeature status=SUCCESS method=LoginTest.testRememberMeFeature()[pri:0, instance:com.dicoding.test.tests.LoginTest@31e3250d] output={null}]]]>
              </value>
            </param>
          </params>
          <reporter-output>
          </reporter-output>
        </test-method> <!-- tearDown -->
      </class> <!-- com.dicoding.test.tests.LoginTest -->
      <class name="com.dicoding.test.tests.HomePageTest">
        <test-method is-config="true" signature="setupSuite()[pri:0, instance:com.dicoding.test.tests.HomePageTest@1cd201a8]" started-at="2025-05-18T02:00:47 WIB" name="setupSuite" finished-at="2025-05-18T02:00:47 WIB" duration-ms="131" status="PASS">
          <reporter-output>
          </reporter-output>
        </test-method> <!-- setupSuite -->
        <test-method is-config="true" signature="setupTest()[pri:0, instance:com.dicoding.test.tests.HomePageTest@1cd201a8]" started-at="2025-05-18T02:00:47 WIB" name="setupTest" finished-at="2025-05-18T02:00:58 WIB" duration-ms="11492" status="PASS">
          <reporter-output>
          </reporter-output>
        </test-method> <!-- setupTest -->
        <test-method signature="testHomePageLoaded()[pri:0, instance:com.dicoding.test.tests.HomePageTest@1cd201a8]" started-at="2025-05-18T02:00:58 WIB" name="testHomePageLoaded" description="Verifikasi halaman utama Dicoding dapat dimuat dengan benar" finished-at="2025-05-18T02:00:58 WIB" duration-ms="80" status="PASS">
          <reporter-output>
          </reporter-output>
        </test-method> <!-- testHomePageLoaded -->
        <test-method is-config="true" signature="tearDown(org.testng.ITestResult)[pri:0, instance:com.dicoding.test.tests.HomePageTest@1cd201a8]" started-at="2025-05-18T02:00:58 WIB" name="tearDown" finished-at="2025-05-18T02:01:01 WIB" duration-ms="2621" status="PASS">
          <params>
            <param index="0">
              <value>
                <![CDATA[[TestResult name=testHomePageLoaded status=SUCCESS method=HomePageTest.testHomePageLoaded()[pri:0, instance:com.dicoding.test.tests.HomePageTest@1cd201a8] output={null}]]]>
              </value>
            </param>
          </params>
          <reporter-output>
          </reporter-output>
        </test-method> <!-- tearDown -->
        <test-method is-config="true" signature="setupTest()[pri:0, instance:com.dicoding.test.tests.HomePageTest@1cd201a8]" started-at="2025-05-18T02:01:01 WIB" name="setupTest" finished-at="2025-05-18T02:01:12 WIB" duration-ms="11087" status="PASS">
          <reporter-output>
          </reporter-output>
        </test-method> <!-- setupTest -->
        <test-method signature="testNavigateToLogin()[pri:0, instance:com.dicoding.test.tests.HomePageTest@1cd201a8]" started-at="2025-05-18T02:01:12 WIB" name="testNavigateToLogin" description="Verifikasi navigasi ke modal login" finished-at="2025-05-18T02:01:13 WIB" duration-ms="417" status="PASS">
          <reporter-output>
          </reporter-output>
        </test-method> <!-- testNavigateToLogin -->
        <test-method is-config="true" signature="tearDown(org.testng.ITestResult)[pri:0, instance:com.dicoding.test.tests.HomePageTest@1cd201a8]" started-at="2025-05-18T02:01:13 WIB" name="tearDown" finished-at="2025-05-18T02:01:15 WIB" duration-ms="2825" status="PASS">
          <params>
            <param index="0">
              <value>
                <![CDATA[[TestResult name=testNavigateToLogin status=SUCCESS method=HomePageTest.testNavigateToLogin()[pri:0, instance:com.dicoding.test.tests.HomePageTest@1cd201a8] output={null}]]]>
              </value>
            </param>
          </params>
          <reporter-output>
          </reporter-output>
        </test-method> <!-- tearDown -->
        <test-method is-config="true" signature="tearDownSuite()[pri:0, instance:com.dicoding.test.tests.HomePageTest@1cd201a8]" started-at="2025-05-18T02:02:48 WIB" name="tearDownSuite" finished-at="2025-05-18T02:02:48 WIB" duration-ms="216" status="PASS">
          <reporter-output>
          </reporter-output>
        </test-method> <!-- tearDownSuite -->
      </class> <!-- com.dicoding.test.tests.HomePageTest -->
      <class name="com.dicoding.test.tests.SearchTest">
        <test-method is-config="true" signature="setupTest()[pri:0, instance:com.dicoding.test.tests.SearchTest@19fe4644]" started-at="2025-05-18T02:02:11 WIB" name="setupTest" finished-at="2025-05-18T02:02:22 WIB" duration-ms="10661" status="PASS">
          <reporter-output>
          </reporter-output>
        </test-method> <!-- setupTest -->
        <test-method signature="testNavigateBackToHomePage()[pri:0, instance:com.dicoding.test.tests.SearchTest@19fe4644]" started-at="2025-05-18T02:02:22 WIB" name="testNavigateBackToHomePage" description="Verifikasi navigasi kembali ke halaman utama dari halaman hasil pencarian" finished-at="2025-05-18T02:02:24 WIB" duration-ms="1787" status="PASS">
          <reporter-output>
          </reporter-output>
        </test-method> <!-- testNavigateBackToHomePage -->
        <test-method is-config="true" signature="tearDown(org.testng.ITestResult)[pri:0, instance:com.dicoding.test.tests.SearchTest@19fe4644]" started-at="2025-05-18T02:02:24 WIB" name="tearDown" finished-at="2025-05-18T02:02:26 WIB" duration-ms="2595" status="PASS">
          <params>
            <param index="0">
              <value>
                <![CDATA[[TestResult name=testNavigateBackToHomePage status=SUCCESS method=SearchTest.testNavigateBackToHomePage()[pri:0, instance:com.dicoding.test.tests.SearchTest@19fe4644] output={null}]]]>
              </value>
            </param>
          </params>
          <reporter-output>
          </reporter-output>
        </test-method> <!-- tearDown -->
        <test-method is-config="true" signature="setupTest()[pri:0, instance:com.dicoding.test.tests.SearchTest@19fe4644]" started-at="2025-05-18T02:02:26 WIB" name="setupTest" finished-at="2025-05-18T02:02:37 WIB" duration-ms="10562" status="PASS">
          <reporter-output>
          </reporter-output>
        </test-method> <!-- setupTest -->
        <test-method signature="testSearchWithInvalidKeyword()[pri:0, instance:com.dicoding.test.tests.SearchTest@19fe4644]" started-at="2025-05-18T02:02:37 WIB" name="testSearchWithInvalidKeyword" description="Verifikasi pencarian dengan kata kunci tidak valid" finished-at="2025-05-18T02:02:47 WIB" duration-ms="10476" status="PASS">
          <reporter-output>
          </reporter-output>
        </test-method> <!-- testSearchWithInvalidKeyword -->
        <test-method is-config="true" signature="tearDown(org.testng.ITestResult)[pri:0, instance:com.dicoding.test.tests.SearchTest@19fe4644]" started-at="2025-05-18T02:02:47 WIB" name="tearDown" finished-at="2025-05-18T02:02:48 WIB" duration-ms="712" status="PASS">
          <params>
            <param index="0">
              <value>
                <![CDATA[[TestResult name=testSearchWithInvalidKeyword status=SUCCESS method=SearchTest.testSearchWithInvalidKeyword()[pri:0, instance:com.dicoding.test.tests.SearchTest@19fe4644] output={null}]]]>
              </value>
            </param>
          </params>
          <reporter-output>
          </reporter-output>
        </test-method> <!-- tearDown -->
      </class> <!-- com.dicoding.test.tests.SearchTest -->
    </test> <!-- Dicoding Website Tests -->
  </suite> <!-- Dicoding Automation Test Suite -->
</testng-results>
