<?xml version="1.0" encoding="UTF-8"?>
<testsuite xmlns:xsi="http://www.w3.org/2001/XMLSchema-instance" xsi:noNamespaceSchemaLocation="https://maven.apache.org/surefire/maven-surefire-plugin/xsd/surefire-test-report-3.0.xsd" version="3.0" name="TestSuite" time="122.146" tests="8" errors="0" skipped="0" failures="0">
  <properties>
[...]
</properties>
  <testcase name="testHomePageLoaded" classname="com.dicoding.test.tests.HomePageTest" time="0.082">
    <system-out><![CDATA[02:00:47.336 [main] INFO  com.dicoding.test.base.BaseTest - Test suite setup selesai
02:00:47.370 [main] INFO  com.dicoding.test.base.BaseTest - Memulai setup WebDriver
02:00:58.861 [main] INFO  com.dicoding.test.base.BaseTest - Browser Firefox dibuka dengan URL: https://www.dicoding.com
02:00:58.868 [main] INFO  com.dicoding.test.pages.HomePage - Halaman utama Dicoding diinisialisasi
02:00:58.930 [main] INFO  com.dicoding.test.pages.BasePage - Mendapatkan judul halaman: Dicoding Indonesia - Bangun Karirmu Sebagai Developer ProfesionalDicoding Indonesia
02:00:58.930 [main] INFO  com.dicoding.test.pages.HomePage - Verifikasi halaman utama dimuat: true
02:00:58.930 [main] INFO  com.dicoding.test.pages.HomePage - Logo ditampilkan: true
02:00:58.930 [main] INFO  com.dicoding.test.pages.HomePage - Judul halaman mengandung 'Dicoding Indonesia': true
02:00:58.938 [main] INFO  com.dicoding.test.pages.BasePage - Mendapatkan judul halaman: Dicoding Indonesia - Bangun Karirmu Sebagai Developer ProfesionalDicoding Indonesia
02:00:58.942 [main] INFO  com.dicoding.test.pages.BasePage - Mendapatkan URL saat ini: https://www.dicoding.com/
02:00:58.942 [main] INFO  com.dicoding.test.base.BaseTest - Test halaman utama berhasil
]]></system-out>
    <system-err><![CDATA[SLF4J: Failed to load class "org.slf4j.impl.StaticLoggerBinder".
SLF4J: Defaulting to no-operation (NOP) logger implementation
SLF4J: See http://www.slf4j.org/codes.html#StaticLoggerBinder for further details.
May 18, 2025 2:00:47 AM org.openqa.selenium.remote.service.DriverService$Builder getLogOutput
INFO: Driver logs no longer sent to console by default; https://www.selenium.dev/documentation/webdriver/drivers/service/#setting-log-output
]]></system-err>
  </testcase>
  <testcase name="testNavigateToLogin" classname="com.dicoding.test.tests.HomePageTest" time="0.416">
    <system-out><![CDATA[02:00:58.945 [main] INFO  com.dicoding.test.base.BaseTest - Test berhasil: testHomePageLoaded
02:01:01.565 [main] INFO  com.dicoding.test.base.BaseTest - Browser ditutup
02:01:01.566 [main] INFO  com.dicoding.test.base.BaseTest - Memulai setup WebDriver
02:01:12.651 [main] INFO  com.dicoding.test.base.BaseTest - Browser Firefox dibuka dengan URL: https://www.dicoding.com
02:01:12.653 [main] INFO  com.dicoding.test.pages.HomePage - Halaman utama Dicoding diinisialisasi
02:01:12.713 [main] INFO  com.dicoding.test.pages.BasePage - Mendapatkan judul halaman: Dicoding Indonesia - Bangun Karirmu Sebagai Developer ProfesionalDicoding Indonesia
02:01:12.713 [main] INFO  com.dicoding.test.pages.HomePage - Verifikasi halaman utama dimuat: true
02:01:12.714 [main] INFO  com.dicoding.test.pages.HomePage - Logo ditampilkan: true
02:01:12.714 [main] INFO  com.dicoding.test.pages.HomePage - Judul halaman mengandung 'Dicoding Indonesia': true
02:01:12.714 [main] INFO  com.dicoding.test.pages.HomePage - Mengklik tombol login
02:01:13.005 [main] INFO  com.dicoding.test.pages.BasePage - Mengklik elemen: By.xpath: //a[text()='Masuk']
02:01:13.005 [main] INFO  com.dicoding.test.pages.LoginPage - Modal login Dicoding diinisialisasi
02:01:13.068 [main] INFO  com.dicoding.test.pages.LoginPage - Verifikasi modal login dimuat: true
02:01:13.068 [main] INFO  com.dicoding.test.base.BaseTest - Test navigasi ke modal login berhasil
]]></system-out>
    <system-err><![CDATA[May 18, 2025 2:01:01 AM org.openqa.selenium.remote.service.DriverService$Builder getLogOutput
INFO: Driver logs no longer sent to console by default; https://www.selenium.dev/documentation/webdriver/drivers/service/#setting-log-output
]]></system-err>
  </testcase>
  <testcase name="testLoginFormValidation" classname="com.dicoding.test.tests.LoginTest" time="1.032">
    <system-out><![CDATA[02:01:13.069 [main] INFO  com.dicoding.test.base.BaseTest - Test berhasil: testNavigateToLogin
02:01:15.894 [main] INFO  com.dicoding.test.base.BaseTest - Browser ditutup
02:01:15.896 [main] INFO  com.dicoding.test.base.BaseTest - Memulai setup WebDriver
02:01:26.285 [main] INFO  com.dicoding.test.base.BaseTest - Browser Firefox dibuka dengan URL: https://www.dicoding.com
02:01:26.286 [main] INFO  com.dicoding.test.pages.HomePage - Halaman utama Dicoding diinisialisasi
02:01:26.287 [main] INFO  com.dicoding.test.pages.HomePage - Mengklik tombol login
02:01:26.600 [main] INFO  com.dicoding.test.pages.BasePage - Mengklik elemen: By.xpath: //a[text()='Masuk']
02:01:26.600 [main] INFO  com.dicoding.test.pages.LoginPage - Modal login Dicoding diinisialisasi
02:01:26.661 [main] INFO  com.dicoding.test.pages.LoginPage - Verifikasi modal login dimuat: true
02:01:26.662 [main] INFO  com.dicoding.test.pages.LoginPage - Mengklik tombol login
02:01:26.914 [main] INFO  com.dicoding.test.pages.BasePage - Mengklik elemen: By.xpath: //button[text()='Masuk']
02:01:26.964 [main] INFO  com.dicoding.test.pages.LoginPage - Verifikasi modal login dimuat: true
02:01:26.964 [main] INFO  com.dicoding.test.pages.LoginPage - Mengisi email: test@example.com
02:01:27.003 [main] INFO  com.dicoding.test.pages.BasePage - Mengisi teks pada elemen: By.cssSelector: input[placeholder='Email'] dengan nilai: test@example.com
02:01:27.004 [main] INFO  com.dicoding.test.pages.LoginPage - Mengklik tombol login
02:01:27.274 [main] INFO  com.dicoding.test.pages.BasePage - Mengklik elemen: By.xpath: //button[text()='Masuk']
02:01:27.317 [main] INFO  com.dicoding.test.pages.LoginPage - Verifikasi modal login dimuat: true
02:01:27.318 [main] INFO  com.dicoding.test.base.BaseTest - Test validasi form login berhasil
]]></system-out>
    <system-err><![CDATA[May 18, 2025 2:01:15 AM org.openqa.selenium.remote.service.DriverService$Builder getLogOutput
INFO: Driver logs no longer sent to console by default; https://www.selenium.dev/documentation/webdriver/drivers/service/#setting-log-output
]]></system-err>
  </testcase>
  <testcase name="testLoginPageDisplay" classname="com.dicoding.test.tests.LoginTest" time="0.471">
    <system-out><![CDATA[02:01:27.318 [main] INFO  com.dicoding.test.base.BaseTest - Test berhasil: testLoginFormValidation
02:01:29.931 [main] INFO  com.dicoding.test.base.BaseTest - Browser ditutup
02:01:29.932 [main] INFO  com.dicoding.test.base.BaseTest - Memulai setup WebDriver
02:01:40.663 [main] INFO  com.dicoding.test.base.BaseTest - Browser Firefox dibuka dengan URL: https://www.dicoding.com
02:01:40.664 [main] INFO  com.dicoding.test.pages.HomePage - Halaman utama Dicoding diinisialisasi
02:01:40.665 [main] INFO  com.dicoding.test.pages.HomePage - Mengklik tombol login
02:01:41.013 [main] INFO  com.dicoding.test.pages.BasePage - Mengklik elemen: By.xpath: //a[text()='Masuk']
02:01:41.014 [main] INFO  com.dicoding.test.pages.LoginPage - Modal login Dicoding diinisialisasi
02:01:41.130 [main] INFO  com.dicoding.test.pages.LoginPage - Verifikasi modal login dimuat: true
02:01:41.133 [main] INFO  com.dicoding.test.pages.BasePage - Mendapatkan judul halaman: Dicoding Indonesia - Bangun Karirmu Sebagai Developer ProfesionalDicoding Indonesia
02:01:41.134 [main] INFO  com.dicoding.test.base.BaseTest - Test tampilan modal login berhasil
]]></system-out>
    <system-err><![CDATA[May 18, 2025 2:01:29 AM org.openqa.selenium.remote.service.DriverService$Builder getLogOutput
INFO: Driver logs no longer sent to console by default; https://www.selenium.dev/documentation/webdriver/drivers/service/#setting-log-output
]]></system-err>
  </testcase>
  <testcase name="testLoginWithInvalidCredentials" classname="com.dicoding.test.tests.LoginTest" time="0.764">
    <system-out><![CDATA[02:01:41.135 [main] INFO  com.dicoding.test.base.BaseTest - Test berhasil: testLoginPageDisplay
02:01:43.465 [main] INFO  com.dicoding.test.base.BaseTest - Browser ditutup
02:01:43.465 [main] INFO  com.dicoding.test.base.BaseTest - Memulai setup WebDriver
02:01:55.078 [main] INFO  com.dicoding.test.base.BaseTest - Browser Firefox dibuka dengan URL: https://www.dicoding.com
02:01:55.080 [main] INFO  com.dicoding.test.pages.HomePage - Halaman utama Dicoding diinisialisasi
02:01:55.080 [main] INFO  com.dicoding.test.pages.HomePage - Mengklik tombol login
02:01:55.387 [main] INFO  com.dicoding.test.pages.BasePage - Mengklik elemen: By.xpath: //a[text()='Masuk']
02:01:55.387 [main] INFO  com.dicoding.test.pages.LoginPage - Modal login Dicoding diinisialisasi
02:01:55.447 [main] INFO  com.dicoding.test.pages.LoginPage - Verifikasi modal login dimuat: true
02:01:55.449 [main] INFO  com.dicoding.test.pages.LoginPage - Melakukan login dengan email: test@example.com
02:01:55.449 [main] INFO  com.dicoding.test.pages.LoginPage - Mengisi email: test@example.com
02:01:55.502 [main] INFO  com.dicoding.test.pages.BasePage - Mengisi teks pada elemen: By.cssSelector: input[placeholder='Email'] dengan nilai: test@example.com
02:01:55.502 [main] INFO  com.dicoding.test.pages.LoginPage - Mengisi password
02:01:55.558 [main] INFO  com.dicoding.test.pages.BasePage - Mengisi teks pada elemen: By.cssSelector: input[placeholder='Password'] dengan nilai: password123
02:01:55.558 [main] INFO  com.dicoding.test.pages.LoginPage - Mengklik tombol login
02:01:55.840 [main] INFO  com.dicoding.test.pages.BasePage - Mengklik elemen: By.xpath: //button[text()='Masuk']
02:01:55.843 [main] INFO  com.dicoding.test.base.BaseTest - Test login dengan kredensial tidak valid berhasil
]]></system-out>
    <system-err><![CDATA[May 18, 2025 2:01:43 AM org.openqa.selenium.remote.service.DriverService$Builder getLogOutput
INFO: Driver logs no longer sent to console by default; https://www.selenium.dev/documentation/webdriver/drivers/service/#setting-log-output
]]></system-err>
  </testcase>
  <testcase name="testRememberMeFeature" classname="com.dicoding.test.tests.LoginTest" time="0.686">
    <system-out><![CDATA[02:01:55.844 [main] INFO  com.dicoding.test.base.BaseTest - Test berhasil: testLoginWithInvalidCredentials
02:01:57.554 [main] INFO  com.dicoding.test.base.BaseTest - Browser ditutup
02:01:57.555 [main] INFO  com.dicoding.test.base.BaseTest - Memulai setup WebDriver
02:02:08.614 [main] INFO  com.dicoding.test.base.BaseTest - Browser Firefox dibuka dengan URL: https://www.dicoding.com
02:02:08.615 [main] INFO  com.dicoding.test.pages.HomePage - Halaman utama Dicoding diinisialisasi
02:02:08.615 [main] INFO  com.dicoding.test.pages.HomePage - Mengklik tombol login
02:02:08.933 [main] INFO  com.dicoding.test.pages.BasePage - Mengklik elemen: By.xpath: //a[text()='Masuk']
02:02:08.933 [main] INFO  com.dicoding.test.pages.LoginPage - Modal login Dicoding diinisialisasi
02:02:09.006 [main] INFO  com.dicoding.test.pages.LoginPage - Verifikasi modal login dimuat: true
02:02:09.006 [main] INFO  com.dicoding.test.pages.LoginPage - Mengklik checkbox Remember me
02:02:09.299 [main] INFO  com.dicoding.test.pages.BasePage - Mengklik elemen: By.xpath: //label[text()='Remember me']
02:02:09.300 [main] INFO  com.dicoding.test.base.BaseTest - Test fitur Remember Me berhasil
]]></system-out>
    <system-err><![CDATA[May 18, 2025 2:01:57 AM org.openqa.selenium.remote.service.DriverService$Builder getLogOutput
INFO: Driver logs no longer sent to console by default; https://www.selenium.dev/documentation/webdriver/drivers/service/#setting-log-output
]]></system-err>
  </testcase>
  <testcase name="testNavigateBackToHomePage" classname="com.dicoding.test.tests.SearchTest" time="1.788">
    <system-out><![CDATA[02:02:09.301 [main] INFO  com.dicoding.test.base.BaseTest - Test berhasil: testRememberMeFeature
02:02:11.646 [main] INFO  com.dicoding.test.base.BaseTest - Browser ditutup
02:02:11.649 [main] INFO  com.dicoding.test.base.BaseTest - Memulai setup WebDriver
02:02:22.309 [main] INFO  com.dicoding.test.base.BaseTest - Browser Firefox dibuka dengan URL: https://www.dicoding.com
02:02:22.310 [main] INFO  com.dicoding.test.pages.HomePage - Halaman utama Dicoding diinisialisasi
02:02:22.365 [main] INFO  com.dicoding.test.pages.BasePage - Mendapatkan judul halaman: Dicoding Indonesia - Bangun Karirmu Sebagai Developer ProfesionalDicoding Indonesia
02:02:22.365 [main] INFO  com.dicoding.test.pages.HomePage - Verifikasi halaman utama dimuat: true
02:02:22.365 [main] INFO  com.dicoding.test.pages.HomePage - Logo ditampilkan: true
02:02:22.366 [main] INFO  com.dicoding.test.pages.HomePage - Judul halaman mengandung 'Dicoding Indonesia': true
02:02:22.366 [main] INFO  com.dicoding.test.pages.HomePage - Melakukan pencarian dengan kata kunci: Android
02:02:22.428 [main] INFO  com.dicoding.test.pages.BasePage - Mengisi teks pada elemen: By.cssSelector: input[placeholder='Apa yang ingin Anda pelajari?'] dengan nilai: Android
02:02:22.483 [main] INFO  com.dicoding.test.pages.SearchResultPage - Halaman hasil pencarian Dicoding diinisialisasi
02:02:22.506 [main] INFO  com.dicoding.test.pages.BasePage - Mendapatkan URL saat ini: https://www.dicoding.com/
02:02:22.507 [main] INFO  com.dicoding.test.pages.SearchResultPage - Verifikasi halaman hasil pencarian dimuat: true
02:02:22.507 [main] INFO  com.dicoding.test.pages.SearchResultPage - Kembali ke halaman utama
02:02:24.065 [main] INFO  com.dicoding.test.pages.BasePage - Mengklik elemen: By.xpath: //a/img[@alt='Dicoding Indonesia'] | //img[contains(@alt, 'Dicoding')]
02:02:24.065 [main] INFO  com.dicoding.test.pages.HomePage - Halaman utama Dicoding diinisialisasi
02:02:24.097 [main] INFO  com.dicoding.test.pages.BasePage - Mendapatkan judul halaman: Dicoding Indonesia - Bangun Karirmu Sebagai Developer ProfesionalDicoding Indonesia
02:02:24.097 [main] INFO  com.dicoding.test.pages.HomePage - Verifikasi halaman utama dimuat: true
02:02:24.097 [main] INFO  com.dicoding.test.pages.HomePage - Logo ditampilkan: true
02:02:24.097 [main] INFO  com.dicoding.test.pages.HomePage - Judul halaman mengandung 'Dicoding Indonesia': true
02:02:24.097 [main] INFO  com.dicoding.test.base.BaseTest - Test navigasi kembali ke halaman utama berhasil
]]></system-out>
    <system-err><![CDATA[May 18, 2025 2:02:11 AM org.openqa.selenium.remote.service.DriverService$Builder getLogOutput
INFO: Driver logs no longer sent to console by default; https://www.selenium.dev/documentation/webdriver/drivers/service/#setting-log-output
]]></system-err>
  </testcase>
  <testcase name="testSearchWithInvalidKeyword" classname="com.dicoding.test.tests.SearchTest" time="10.477">
    <system-out><![CDATA[02:02:24.098 [main] INFO  com.dicoding.test.base.BaseTest - Test berhasil: testNavigateBackToHomePage
02:02:26.692 [main] INFO  com.dicoding.test.base.BaseTest - Browser ditutup
02:02:26.693 [main] INFO  com.dicoding.test.base.BaseTest - Memulai setup WebDriver
02:02:37.254 [main] INFO  com.dicoding.test.base.BaseTest - Browser Firefox dibuka dengan URL: https://www.dicoding.com
02:02:37.255 [main] INFO  com.dicoding.test.pages.HomePage - Halaman utama Dicoding diinisialisasi
02:02:37.308 [main] INFO  com.dicoding.test.pages.BasePage - Mendapatkan judul halaman: Dicoding Indonesia - Bangun Karirmu Sebagai Developer ProfesionalDicoding Indonesia
02:02:37.308 [main] INFO  com.dicoding.test.pages.HomePage - Verifikasi halaman utama dimuat: true
02:02:37.308 [main] INFO  com.dicoding.test.pages.HomePage - Logo ditampilkan: true
02:02:37.309 [main] INFO  com.dicoding.test.pages.HomePage - Judul halaman mengandung 'Dicoding Indonesia': true
02:02:37.309 [main] INFO  com.dicoding.test.pages.HomePage - Melakukan pencarian dengan kata kunci: xyzabcdefghijklmnopqrstuvwxyz123456789
02:02:37.396 [main] INFO  com.dicoding.test.pages.BasePage - Mengisi teks pada elemen: By.cssSelector: input[placeholder='Apa yang ingin Anda pelajari?'] dengan nilai: xyzabcdefghijklmnopqrstuvwxyz123456789
02:02:37.455 [main] INFO  com.dicoding.test.pages.SearchResultPage - Halaman hasil pencarian Dicoding diinisialisasi
02:02:37.492 [main] INFO  com.dicoding.test.pages.BasePage - Mendapatkan URL saat ini: https://www.dicoding.com/
02:02:37.492 [main] INFO  com.dicoding.test.pages.SearchResultPage - Verifikasi halaman hasil pencarian dimuat: true
02:02:47.697 [main] INFO  com.dicoding.test.pages.SearchResultPage - Verifikasi halaman 404 ditampilkan: true
02:02:47.730 [main] INFO  com.dicoding.test.pages.BasePage - Mendapatkan teks dari elemen: By.xpath: //*[contains(text(), 'Sudah aku cari')] | //*[contains(text(), 'tidak ditemukan')] dengan nilai: Kelas tidak ditemukan
02:02:47.731 [main] INFO  com.dicoding.test.base.BaseTest - Test pencarian dengan kata kunci tidak valid berhasil
]]></system-out>
    <system-err><![CDATA[May 18, 2025 2:02:26 AM org.openqa.selenium.remote.service.DriverService$Builder getLogOutput
INFO: Driver logs no longer sent to console by default; https://www.selenium.dev/documentation/webdriver/drivers/service/#setting-log-output
]]></system-err>
  </testcase>
</testsuite>